# JRE version: OpenJDK Runtime Environment Temurin-21.0.10+7 (21.0.10+7) (build 21.0.10+7-LTS)
# Java VM: OpenJDK 64-Bit Server VM Temurin-21.0.10+7 (21.0.10+7-LTS, mixed mode, sharing, tiered, compressed oops, compressed class ptrs, parallel gc, windows-amd64)
GC Precious Log:
 CardTable entry size: 512
 CPUs: 8 total, 8 available
 Memory: 15647M
 Large Page Support: Disabled
 NUMA Support: Disabled
 Compressed Oops: Enabled (32-bit)
 Alignments: Space 512K, Generation 512K, Heap 2M
 Heap Min Capacity: 100M
 Heap Initial Capacity: 100M
 Heap Max Capacity: 2G
 Pre-touch: Disabled
 Parallel Workers: 8
Heap:
 PSYoungGen      total 3072K, used 2167K [0x00000000d5580000, 0x00000000d5a00000, 0x0000000100000000)
  eden space 2048K, 83% used [0x00000000d5580000,0x00000000d572ddf8,0x00000000d5780000)
  from space 1024K, 43% used [0x00000000d5780000,0x00000000d57f0030,0x00000000d5880000)
  to   space 1024K, 0% used [0x00000000d5900000,0x00000000d5900000,0x00000000d5a00000)
 ParOldGen       total 666112K, used 665988K [0x0000000080000000, 0x00000000a8a80000, 0x00000000d5580000)
  object space 666112K, 99% used [0x0000000080000000,0x00000000a8a612c8,0x00000000a8a80000)
 Metaspace       used 72443K, committed 73984K, reserved 1179648K
  class space    used 7689K, committed 8384K, reserved 1048576K
GC Heap History (20 events):
Event: 1177.680 GC heap before
{Heap before GC invocations=487 (full 4):
 PSYoungGen      total 2560K, used 2496K [0x00000000d5580000, 0x00000000d5a80000, 0x0000000100000000)
  eden space 2048K, 100% used [0x00000000d5580000,0x00000000d5780000,0x00000000d5780000)
  from space 512K, 87% used [0x00000000d5900000,0x00000000d5970020,0x00000000d5980000)
  to   space 1024K, 0% used [0x00000000d5980000,0x00000000d5980000,0x00000000d5a80000)
 ParOldGen       total 653824K, used 653503K [0x0000000080000000, 0x00000000a7e80000, 0x00000000d5580000)
  object space 653824K, 99% used [0x0000000080000000,0x00000000a7e2fd50,0x00000000a7e80000)
 Metaspace       used 72416K, committed 73984K, reserved 1179648K
  class space    used 7689K, committed 8384K, reserved 1048576K
}
Event: 1177.683 GC heap after
{Heap after GC invocations=487 (full 4):
 PSYoungGen      total 3072K, used 1000K [0x00000000d5580000, 0x00000000d5b80000, 0x0000000100000000)
  eden space 2048K, 0% used [0x00000000d5580000,0x00000000d5580000,0x00000000d5780000)
  from space 1024K, 97% used [0x00000000d5980000,0x00000000d5a7a3b0,0x00000000d5a80000)
  to   space 2048K, 0% used [0x00000000d5780000,0x00000000d5780000,0x00000000d5980000)
 ParOldGen       total 654336K, used 654047K [0x0000000080000000, 0x00000000a7f00000, 0x00000000d5580000)
  object space 654336K, 99% used [0x0000000080000000,0x00000000a7eb7d70,0x00000000a7f00000)
 Metaspace       used 72416K, committed 73984K, reserved 1179648K
  class space    used 7689K, committed 8384K, reserved 1048576K
}
Event: 1177.686 GC heap before
{Heap before GC invocations=488 (full 4):
 PSYoungGen      total 3072K, used 3048K [0x00000000d5580000, 0x00000000d5b80000, 0x0000000100000000)
  eden space 2048K, 100% used [0x00000000d5580000,0x00000000d5780000,0x00000000d5780000)
  from space 1024K, 97% used [0x00000000d5980000,0x00000000d5a7a3b0,0x00000000d5a80000)
  to   space 2048K, 0% used [0x00000000d5780000,0x00000000d5780000,0x00000000d5980000)
 ParOldGen       total 654336K, used 654047K [0x0000000080000000, 0x00000000a7f00000, 0x00000000d5580000)
  object space 654336K, 99% used [0x0000000080000000,0x00000000a7eb7d70,0x00000000a7f00000)
 Metaspace       used 72416K, committed 73984K, reserved 1179648K
  class space    used 7689K, committed 8384K, reserved 1048576K
}
Event: 1177.689 GC heap after
{Heap after GC invocations=488 (full 4):
 PSYoungGen      total 4096K, used 2048K [0x00000000d5580000, 0x00000000d5e80000, 0x0000000100000000)
  eden space 2048K, 0% used [0x00000000d5580000,0x00000000d5580000,0x00000000d5780000)
  from space 2048K, 100% used [0x00000000d5780000,0x00000000d5980000,0x00000000d5980000)
  to   space 3584K, 0% used [0x00000000d5b00000,0x00000000d5b00000,0x00000000d5e80000)
 ParOldGen       total 655360K, used 655096K [0x0000000080000000, 0x00000000a8000000, 0x00000000d5580000)
  object space 655360K, 99% used [0x0000000080000000,0x00000000a7fbe130,0x00000000a8000000)
 Metaspace       used 72416K, committed 73984K, reserved 1179648K
  class space    used 7689K, committed 8384K, reserved 1048576K
}
Event: 1177.692 GC heap before
{Heap before GC invocations=489 (full 4):
 PSYoungGen      total 4096K, used 4096K [0x00000000d5580000, 0x00000000d5e80000, 0x0000000100000000)
  eden space 2048K, 100% used [0x00000000d5580000,0x00000000d5780000,0x00000000d5780000)
  from space 2048K, 100% used [0x00000000d5780000,0x00000000d5980000,0x00000000d5980000)
  to   space 3584K, 0% used [0x00000000d5b00000,0x00000000d5b00000,0x00000000d5e80000)
 ParOldGen       total 655360K, used 655096K [0x0000000080000000, 0x00000000a8000000, 0x00000000d5580000)
  object space 655360K, 99% used [0x0000000080000000,0x00000000a7fbe130,0x00000000a8000000)
 Metaspace       used 72416K, committed 73984K, reserved 1179648K
  class space    used 7689K, committed 8384K, reserved 1048576K
}
Event: 1177.694 GC heap after
{Heap after GC invocations=489 (full 4):
 PSYoungGen      total 5120K, used 2144K [0x00000000d5580000, 0x00000000d5d80000, 0x0000000100000000)
  eden space 2560K, 0% used [0x00000000d5580000,0x00000000d5580000,0x00000000d5800000)
  from space 2560K, 83% used [0x00000000d5b00000,0x00000000d5d18000,0x00000000d5d80000)
  to   space 2560K, 0% used [0x00000000d5880000,0x00000000d5880000,0x00000000d5b00000)
 ParOldGen       total 657408K, used 657152K [0x0000000080000000, 0x00000000a8200000, 0x00000000d5580000)
  object space 657408K, 99% used [0x0000000080000000,0x00000000a81c0130,0x00000000a8200000)
 Metaspace       used 72416K, committed 73984K, reserved 1179648K
  class space    used 7689K, committed 8384K, reserved 1048576K
}
Event: 1177.713 GC heap before
{Heap before GC invocations=490 (full 4):
 PSYoungGen      total 5120K, used 4704K [0x00000000d5580000, 0x00000000d5d80000, 0x0000000100000000)
  eden space 2560K, 100% used [0x00000000d5580000,0x00000000d5800000,0x00000000d5800000)
  from space 2560K, 83% used [0x00000000d5b00000,0x00000000d5d18000,0x00000000d5d80000)
  to   space 2560K, 0% used [0x00000000d5880000,0x00000000d5880000,0x00000000d5b00000)
 ParOldGen       total 657408K, used 657152K [0x0000000080000000, 0x00000000a8200000, 0x00000000d5580000)
  object space 657408K, 99% used [0x0000000080000000,0x00000000a81c0130,0x00000000a8200000)
 Metaspace       used 72416K, committed 73984K, reserved 1179648K
  class space    used 7689K, committed 8384K, reserved 1048576K
}
Event: 1177.717 GC heap after
{Heap after GC invocations=490 (full 4):
 PSYoungGen      total 5632K, used 2139K [0x00000000d5580000, 0x00000000d5d80000, 0x0000000100000000)
  eden space 3072K, 0% used [0x00000000d5580000,0x00000000d5580000,0x00000000d5880000)
  from space 2560K, 83% used [0x00000000d5880000,0x00000000d5a96d30,0x00000000d5b00000)
  to   space 2560K, 0% used [0x00000000d5b00000,0x00000000d5b00000,0x00000000d5d80000)
 ParOldGen       total 659456K, used 659208K [0x0000000080000000, 0x00000000a8400000, 0x00000000d5580000)
  object space 659456K, 99% used [0x0000000080000000,0x00000000a83c2130,0x00000000a8400000)
 Metaspace       used 72416K, committed 73984K, reserved 1179648K
  class space    used 7689K, committed 8384K, reserved 1048576K
}
Event: 1177.722 GC heap before
{Heap before GC invocations=491 (full 4):
 PSYoungGen      total 5632K, used 5209K [0x00000000d5580000, 0x00000000d5d80000, 0x0000000100000000)
  eden space 3072K, 99% used [0x00000000d5580000,0x00000000d587f768,0x00000000d5880000)
  from space 2560K, 83% used [0x00000000d5880000,0x00000000d5a96d30,0x00000000d5b00000)
  to   space 2560K, 0% used [0x00000000d5b00000,0x00000000d5b00000,0x00000000d5d80000)
 ParOldGen       total 659456K, used 659208K [0x0000000080000000, 0x00000000a8400000, 0x00000000d5580000)
  object space 659456K, 99% used [0x0000000080000000,0x00000000a83c2130,0x00000000a8400000)
 Metaspace       used 72416K, committed 73984K, reserved 1179648K
  class space    used 7689K, committed 8384K, reserved 1048576K
}
Event: 1177.725 GC heap after
{Heap after GC invocations=491 (full 4):
 PSYoungGen      total 3072K, used 2560K [0x00000000d5580000, 0x00000000d6580000, 0x0000000100000000)
  eden space 512K, 0% used [0x00000000d5580000,0x00000000d5580000,0x00000000d5600000)
  from space 2560K, 100% used [0x00000000d5b00000,0x00000000d5d80000,0x00000000d5d80000)
  to   space 5120K, 0% used [0x00000000d5600000,0x00000000d5600000,0x00000000d5b00000)
 ParOldGen       total 662016K, used 661781K [0x0000000080000000, 0x00000000a8680000, 0x00000000d5580000)
  object space 662016K, 99% used [0x0000000080000000,0x00000000a86454f8,0x00000000a8680000)
 Metaspace       used 72416K, committed 73984K, reserved 1179648K
  class space    used 7689K, committed 8384K, reserved 1048576K
}
Event: 1177.727 GC heap before
{Heap before GC invocations=492 (full 4):
 PSYoungGen      total 3072K, used 2884K [0x00000000d5580000, 0x00000000d6580000, 0x0000000100000000)
  eden space 512K, 63% used [0x00000000d5580000,0x00000000d55d1270,0x00000000d5600000)
  from space 2560K, 100% used [0x00000000d5b00000,0x00000000d5d80000,0x00000000d5d80000)
  to   space 5120K, 0% used [0x00000000d5600000,0x00000000d5600000,0x00000000d5b00000)
 ParOldGen       total 662016K, used 661781K [0x0000000080000000, 0x00000000a8680000, 0x00000000d5580000)
  object space 662016K, 99% used [0x0000000080000000,0x00000000a86454f8,0x00000000a8680000)
 Metaspace       used 72416K, committed 73984K, reserved 1179648K
  class space    used 7689K, committed 8384K, reserved 1048576K
}
Event: 1177.730 GC heap after
{Heap after GC invocations=492 (full 4):
 PSYoungGen      total 1024K, used 432K [0x00000000d5580000, 0x00000000d5b80000, 0x0000000100000000)
  eden space 512K, 0% used [0x00000000d5580000,0x00000000d5580000,0x00000000d5600000)
  from space 512K, 84% used [0x00000000d5600000,0x00000000d566c000,0x00000000d5680000)
  to   space 2560K, 0% used [0x00000000d5900000,0x00000000d5900000,0x00000000d5b80000)
 ParOldGen       total 664576K, used 664269K [0x0000000080000000, 0x00000000a8900000, 0x00000000d5580000)
  object space 664576K, 99% used [0x0000000080000000,0x00000000a88b34f8,0x00000000a8900000)
 Metaspace       used 72416K, committed 73984K, reserved 1179648K
  class space    used 7689K, committed 8384K, reserved 1048576K
}
Event: 1177.733 GC heap before
{Heap before GC invocations=493 (full 4):
 PSYoungGen      total 1024K, used 944K [0x00000000d5580000, 0x00000000d5b80000, 0x0000000100000000)
  eden space 512K, 100% used [0x00000000d5580000,0x00000000d5600000,0x00000000d5600000)
  from space 512K, 84% used [0x00000000d5600000,0x00000000d566c000,0x00000000d5680000)
  to   space 2560K, 0% used [0x00000000d5900000,0x00000000d5900000,0x00000000d5b80000)
 ParOldGen       total 664576K, used 664269K [0x0000000080000000, 0x00000000a8900000, 0x00000000d5580000)
  object space 664576K, 99% used [0x0000000080000000,0x00000000a88b34f8,0x00000000a8900000)
 Metaspace       used 72416K, committed 73984K, reserved 1179648K
  class space    used 7689K, committed 8384K, reserved 1048576K
}
Event: 1177.734 GC heap after
{Heap after GC invocations=493 (full 4):
 PSYoungGen      total 2048K, used 672K [0x00000000d5580000, 0x00000000d5a00000, 0x0000000100000000)
  eden space 1024K, 0% used [0x00000000d5580000,0x00000000d5580000,0x00000000d5680000)
  from space 1024K, 65% used [0x00000000d5900000,0x00000000d59a8000,0x00000000d5a00000)
  to   space 1024K, 0% used [0x00000000d5800000,0x00000000d5800000,0x00000000d5900000)
 ParOldGen       total 664576K, used 664493K [0x0000000080000000, 0x00000000a8900000, 0x00000000d5580000)
  object space 664576K, 99% used [0x0000000080000000,0x00000000a88eb4f8,0x00000000a8900000)
 Metaspace       used 72416K, committed 73984K, reserved 1179648K
  class space    used 7689K, committed 8384K, reserved 1048576K
}
Event: 1177.766 GC heap before
{Heap before GC invocations=494 (full 4):
 PSYoungGen      total 2048K, used 1696K [0x00000000d5580000, 0x00000000d5a00000, 0x0000000100000000)
  eden space 1024K, 100% used [0x00000000d5580000,0x00000000d5680000,0x00000000d5680000)
  from space 1024K, 65% used [0x00000000d5900000,0x00000000d59a8000,0x00000000d5a00000)
  to   space 1024K, 0% used [0x00000000d5800000,0x00000000d5800000,0x00000000d5900000)
 ParOldGen       total 664576K, used 664493K [0x0000000080000000, 0x00000000a8900000, 0x00000000d5580000)
  object space 664576K, 99% used [0x0000000080000000,0x00000000a88eb4f8,0x00000000a8900000)
 Metaspace       used 72418K, committed 73984K, reserved 1179648K
  class space    used 7689K, committed 8384K, reserved 1048576K
}
Event: 1177.768 GC heap after
{Heap after GC invocations=494 (full 4):
 PSYoungGen      total 2048K, used 484K [0x00000000d5580000, 0x00000000d5980000, 0x0000000100000000)
  eden space 1536K, 0% used [0x00000000d5580000,0x00000000d5580000,0x00000000d5700000)
  from space 512K, 94% used [0x00000000d5800000,0x00000000d5879380,0x00000000d5880000)
  to   space 1024K, 0% used [0x00000000d5880000,0x00000000d5880000,0x00000000d5980000)
 ParOldGen       total 665088K, used 665053K [0x0000000080000000, 0x00000000a8980000, 0x00000000d5580000)
  object space 665088K, 99% used [0x0000000080000000,0x00000000a89774f8,0x00000000a8980000)
 Metaspace       used 72418K, committed 73984K, reserved 1179648K
  class space    used 7689K, committed 8384K, reserved 1048576K
}
Event: 1177.771 GC heap before
{Heap before GC invocations=495 (full 4):
 PSYoungGen      total 2048K, used 2020K [0x00000000d5580000, 0x00000000d5980000, 0x0000000100000000)
  eden space 1536K, 100% used [0x00000000d5580000,0x00000000d5700000,0x00000000d5700000)
  from space 512K, 94% used [0x00000000d5800000,0x00000000d5879380,0x00000000d5880000)
  to   space 1024K, 0% used [0x00000000d5880000,0x00000000d5880000,0x00000000d5980000)
 ParOldGen       total 665088K, used 665053K [0x0000000080000000, 0x00000000a8980000, 0x00000000d5580000)
  object space 665088K, 99% used [0x0000000080000000,0x00000000a89774f8,0x00000000a8980000)
 Metaspace       used 72422K, committed 73984K, reserved 1179648K
  class space    used 7689K, committed 8384K, reserved 1048576K
}
Event: 1177.774 GC heap after
{Heap after GC invocations=495 (full 4):
 PSYoungGen      total 3072K, used 736K [0x00000000d5580000, 0x00000000d5980000, 0x0000000100000000)
  eden space 2048K, 0% used [0x00000000d5580000,0x00000000d5580000,0x00000000d5780000)
  from space 1024K, 71% used [0x00000000d5880000,0x00000000d5938020,0x00000000d5980000)
  to   space 1024K, 0% used [0x00000000d5780000,0x00000000d5780000,0x00000000d5880000)
 ParOldGen       total 665600K, used 665541K [0x0000000080000000, 0x00000000a8a00000, 0x00000000d5580000)
  object space 665600K, 99% used [0x0000000080000000,0x00000000a89f1760,0x00000000a8a00000)
 Metaspace       used 72422K, committed 73984K, reserved 1179648K
  class space    used 7689K, committed 8384K, reserved 1048576K
}
Event: 1177.778 GC heap before
{Heap before GC invocations=496 (full 4):
 PSYoungGen      total 3072K, used 2784K [0x00000000d5580000, 0x00000000d5980000, 0x0000000100000000)
  eden space 2048K, 100% used [0x00000000d5580000,0x00000000d5780000,0x00000000d5780000)
  from space 1024K, 71% used [0x00000000d5880000,0x00000000d5938020,0x00000000d5980000)
  to   space 1024K, 0% used [0x00000000d5780000,0x00000000d5780000,0x00000000d5880000)
 ParOldGen       total 665600K, used 665541K [0x0000000080000000, 0x00000000a8a00000, 0x00000000d5580000)
  object space 665600K, 99% used [0x0000000080000000,0x00000000a89f1760,0x00000000a8a00000)
 Metaspace       used 72424K, committed 73984K, reserved 1179648K
  class space    used 7689K, committed 8384K, reserved 1048576K
}
Event: 1177.780 GC heap after
{Heap after GC invocations=496 (full 4):
 PSYoungGen      total 3072K, used 448K [0x00000000d5580000, 0x00000000d5a00000, 0x0000000100000000)
  eden space 2048K, 0% used [0x00000000d5580000,0x00000000d5580000,0x00000000d5780000)
  from space 1024K, 43% used [0x00000000d5780000,0x00000000d57f0030,0x00000000d5880000)
  to   space 1024K, 0% used [0x00000000d5900000,0x00000000d5900000,0x00000000d5a00000)
 ParOldGen       total 666112K, used 665988K [0x0000000080000000, 0x00000000a8a80000, 0x00000000d5580000)
  object space 666112K, 99% used [0x0000000080000000,0x00000000a8a612c8,0x00000000a8a80000)
 Metaspace       used 72424K, committed 73984K, reserved 1179648K
  class space    used 7689K, committed 8384K, reserved 1048576K
}

